INFO - 2026-03-17 19:39:06 --> Session: Class initialized using 'CodeIgniter\Session\Handlers\FileHandler' driver.
WARNING - 2026-03-17 19:39:06 --> Session: Sessions is enabled, and one exists.Please don't $session->start();
INFO - 2026-03-17 21:07:32 --> Session: Class initialized using 'CodeIgniter\Session\Handlers\FileHandler' driver.
WARNING - 2026-03-17 21:07:32 --> Session: Sessions is enabled, and one exists.Please don't $session->start();
INFO - 2026-03-17 21:07:50 --> Session: Class initialized using 'CodeIgniter\Session\Handlers\FileHandler' driver.
WARNING - 2026-03-17 21:07:50 --> Session: Sessions is enabled, and one exists.Please don't $session->start();
INFO - 2026-03-17 21:12:42 --> Session: Class initialized using 'CodeIgniter\Session\Handlers\FileHandler' driver.
WARNING - 2026-03-17 21:12:42 --> Session: Sessions is enabled, and one exists.Please don't $session->start();
INFO - 2026-03-17 21:13:05 --> Session: Class initialized using 'CodeIgniter\Session\Handlers\FileHandler' driver.
WARNING - 2026-03-17 21:13:05 --> Session: Sessions is enabled, and one exists.Please don't $session->start();
INFO - 2026-03-17 21:13:06 --> Session: Class initialized using 'CodeIgniter\Session\Handlers\FileHandler' driver.
WARNING - 2026-03-17 21:13:06 --> Session: Sessions is enabled, and one exists.Please don't $session->start();
INFO - 2026-03-17 21:13:07 --> Session: Class initialized using 'CodeIgniter\Session\Handlers\FileHandler' driver.
WARNING - 2026-03-17 21:13:07 --> Session: Sessions is enabled, and one exists.Please don't $session->start();
INFO - 2026-03-17 21:13:09 --> Session: Class initialized using 'CodeIgniter\Session\Handlers\FileHandler' driver.
WARNING - 2026-03-17 21:13:09 --> Session: Sessions is enabled, and one exists.Please don't $session->start();
INFO - 2026-03-17 21:13:09 --> Session: Class initialized using 'CodeIgniter\Session\Handlers\FileHandler' driver.
INFO - 2026-03-17 21:14:37 --> Session: Class initialized using 'CodeIgniter\Session\Handlers\FileHandler' driver.
CRITICAL - 2026-03-17 21:14:37 --> Class 'App\Models\Tokenmodel' not found
in APPPATH\Controllers\Admin\Token.php on line 21.
 1 SYSTEMPATH\CodeIgniter.php(889): App\Controllers\Admin\Token->__construct()
 2 SYSTEMPATH\CodeIgniter.php(473): CodeIgniter\CodeIgniter->createController()
 3 SYSTEMPATH\CodeIgniter.php(351): CodeIgniter\CodeIgniter->handleRequest(null, Object(Config\Cache), false)
 4 FCPATH\index.php(67): CodeIgniter\CodeIgniter->run()
INFO - 2026-03-17 21:14:55 --> Session: Class initialized using 'CodeIgniter\Session\Handlers\FileHandler' driver.
ERROR - 2026-03-17 21:14:55 --> mysqli_sql_exception: Table 'simulasi2.token' doesn't exist in C:\laragon\www\simulasi2\simulasi2\system\Database\MySQLi\Connection.php:292
Stack trace:
#0 C:\laragon\www\simulasi2\simulasi2\system\Database\MySQLi\Connection.php(292): mysqli->query('SELECT *\nFROM `...', 0)
#1 C:\laragon\www\simulasi2\simulasi2\system\Database\BaseConnection.php(666): CodeIgniter\Database\MySQLi\Connection->execute('SELECT *\nFROM `...')
#2 C:\laragon\www\simulasi2\simulasi2\system\Database\BaseConnection.php(593): CodeIgniter\Database\BaseConnection->simpleQuery('SELECT *\nFROM `...')
#3 C:\laragon\www\simulasi2\simulasi2\system\Database\BaseBuilder.php(1585): CodeIgniter\Database\BaseConnection->query('SELECT *\nFROM `...', Array, false)
#4 C:\laragon\www\simulasi2\simulasi2\app\Models\Tokenmodel.php(14): CodeIgniter\Database\BaseBuilder->get()
#5 C:\laragon\www\simulasi2\simulasi2\app\Controllers\Admin\Token.php(33): App\Models\Tokenmodel->getAll()
#6 C:\laragon\www\simulasi2\simulasi2\system\CodeIgniter.php(927): App\Controllers\Admin\Token->index()
#7 C:\laragon\www\simulasi2\simulasi2\system\CodeIgniter.php(482): CodeIgniter\CodeIgniter->runController(Object(App\Controllers\Admin\Token))
#8 C:\laragon\www\simulasi2\simulasi2\system\CodeIgniter.php(351): CodeIgniter\CodeIgniter->handleRequest(NULL, Object(Config\Cache), false)
#9 C:\laragon\www\simulasi2\index.php(67): CodeIgniter\CodeIgniter->run()
#10 {main}
CRITICAL - 2026-03-17 21:14:55 --> Table 'simulasi2.token' doesn't exist
in SYSTEMPATH\Database\MySQLi\Connection.php on line 292.
 1 SYSTEMPATH\Database\MySQLi\Connection.php(292): mysqli->query('SELECT *
FROM `token`', 0)
 2 SYSTEMPATH\Database\BaseConnection.php(666): CodeIgniter\Database\MySQLi\Connection->execute('SELECT *
FROM `token`')
 3 SYSTEMPATH\Database\BaseConnection.php(593): CodeIgniter\Database\BaseConnection->simpleQuery('SELECT *
FROM `token`')
 4 SYSTEMPATH\Database\BaseBuilder.php(1585): CodeIgniter\Database\BaseConnection->query('SELECT *
FROM `token`', [], false)
 5 APPPATH\Models\Tokenmodel.php(14): CodeIgniter\Database\BaseBuilder->get()
 6 APPPATH\Controllers\Admin\Token.php(33): App\Models\Tokenmodel->getAll()
 7 SYSTEMPATH\CodeIgniter.php(927): App\Controllers\Admin\Token->index()
 8 SYSTEMPATH\CodeIgniter.php(482): CodeIgniter\CodeIgniter->runController(Object(App\Controllers\Admin\Token))
 9 SYSTEMPATH\CodeIgniter.php(351): CodeIgniter\CodeIgniter->handleRequest(null, Object(Config\Cache), false)
10 FCPATH\index.php(67): CodeIgniter\CodeIgniter->run()
INFO - 2026-03-17 21:27:56 --> Session: Class initialized using 'CodeIgniter\Session\Handlers\FileHandler' driver.
INFO - 2026-03-17 21:27:58 --> Session: Class initialized using 'CodeIgniter\Session\Handlers\FileHandler' driver.
INFO - 2026-03-17 21:39:11 --> Session: Class initialized using 'CodeIgniter\Session\Handlers\FileHandler' driver.
CRITICAL - 2026-03-17 21:39:11 --> Undefined variable: group
in APPPATH\Views\admin\token.php on line 58.
 1 APPPATH\Views\admin\token.php(58): CodeIgniter\Debug\Exceptions->errorHandler(8, 'Undefined variable: group', 'APPPATH\\Views\\admin\\token.php', 58, [...])
 2 SYSTEMPATH\View\View.php(213): include('APPPATH\\Views\\admin\\token.php')
 3 SYSTEMPATH\View\View.php(216): CodeIgniter\View\View->CodeIgniter\View\{closure}()
 4 SYSTEMPATH\Common.php(1134): CodeIgniter\View\View->render('admin/token', [], true)
 5 APPPATH\Controllers\Admin\Token.php(39): view('admin/token', [...])
 6 SYSTEMPATH\CodeIgniter.php(927): App\Controllers\Admin\Token->index()
 7 SYSTEMPATH\CodeIgniter.php(482): CodeIgniter\CodeIgniter->runController(Object(App\Controllers\Admin\Token))
 8 SYSTEMPATH\CodeIgniter.php(351): CodeIgniter\CodeIgniter->handleRequest(null, Object(Config\Cache), false)
 9 FCPATH\index.php(67): CodeIgniter\CodeIgniter->run()
INFO - 2026-03-17 21:39:42 --> Session: Class initialized using 'CodeIgniter\Session\Handlers\FileHandler' driver.
CRITICAL - 2026-03-17 21:39:42 --> Undefined variable: group
in APPPATH\Views\admin\token.php on line 132.
 1 APPPATH\Views\admin\token.php(132): CodeIgniter\Debug\Exceptions->errorHandler(8, 'Undefined variable: group', 'APPPATH\\Views\\admin\\token.php', 132, [...])
 2 SYSTEMPATH\View\View.php(213): include('APPPATH\\Views\\admin\\token.php')
 3 SYSTEMPATH\View\View.php(216): CodeIgniter\View\View->CodeIgniter\View\{closure}()
 4 SYSTEMPATH\Common.php(1134): CodeIgniter\View\View->render('admin/token', [], true)
 5 APPPATH\Controllers\Admin\Token.php(39): view('admin/token', [...])
 6 SYSTEMPATH\CodeIgniter.php(927): App\Controllers\Admin\Token->index()
 7 SYSTEMPATH\CodeIgniter.php(482): CodeIgniter\CodeIgniter->runController(Object(App\Controllers\Admin\Token))
 8 SYSTEMPATH\CodeIgniter.php(351): CodeIgniter\CodeIgniter->handleRequest(null, Object(Config\Cache), false)
 9 FCPATH\index.php(67): CodeIgniter\CodeIgniter->run()
INFO - 2026-03-17 21:40:17 --> Session: Class initialized using 'CodeIgniter\Session\Handlers\FileHandler' driver.
CRITICAL - 2026-03-17 21:40:18 --> Undefined variable: group
in APPPATH\Views\admin\token.php on line 190.
 1 APPPATH\Views\admin\token.php(190): CodeIgniter\Debug\Exceptions->errorHandler(8, 'Undefined variable: group', 'APPPATH\\Views\\admin\\token.php', 190, [...])
 2 SYSTEMPATH\View\View.php(213): include('APPPATH\\Views\\admin\\token.php')
 3 SYSTEMPATH\View\View.php(216): CodeIgniter\View\View->CodeIgniter\View\{closure}()
 4 SYSTEMPATH\Common.php(1134): CodeIgniter\View\View->render('admin/token', [], true)
 5 APPPATH\Controllers\Admin\Token.php(39): view('admin/token', [...])
 6 SYSTEMPATH\CodeIgniter.php(927): App\Controllers\Admin\Token->index()
 7 SYSTEMPATH\CodeIgniter.php(482): CodeIgniter\CodeIgniter->runController(Object(App\Controllers\Admin\Token))
 8 SYSTEMPATH\CodeIgniter.php(351): CodeIgniter\CodeIgniter->handleRequest(null, Object(Config\Cache), false)
 9 FCPATH\index.php(67): CodeIgniter\CodeIgniter->run()
INFO - 2026-03-17 21:40:47 --> Session: Class initialized using 'CodeIgniter\Session\Handlers\FileHandler' driver.
INFO - 2026-03-17 21:40:48 --> Session: Class initialized using 'CodeIgniter\Session\Handlers\FileHandler' driver.
INFO - 2026-03-17 21:42:59 --> Session: Class initialized using 'CodeIgniter\Session\Handlers\FileHandler' driver.
INFO - 2026-03-17 21:43:01 --> Session: Class initialized using 'CodeIgniter\Session\Handlers\FileHandler' driver.
INFO - 2026-03-17 21:43:04 --> Session: Class initialized using 'CodeIgniter\Session\Handlers\FileHandler' driver.
INFO - 2026-03-17 21:43:53 --> Session: Class initialized using 'CodeIgniter\Session\Handlers\FileHandler' driver.
INFO - 2026-03-17 21:43:53 --> Session: Class initialized using 'CodeIgniter\Session\Handlers\FileHandler' driver.
INFO - 2026-03-17 21:43:55 --> Session: Class initialized using 'CodeIgniter\Session\Handlers\FileHandler' driver.
INFO - 2026-03-17 21:44:25 --> Session: Class initialized using 'CodeIgniter\Session\Handlers\FileHandler' driver.
INFO - 2026-03-17 21:44:26 --> Session: Class initialized using 'CodeIgniter\Session\Handlers\FileHandler' driver.
INFO - 2026-03-17 21:45:30 --> Session: Class initialized using 'CodeIgniter\Session\Handlers\FileHandler' driver.
INFO - 2026-03-17 21:45:51 --> Session: Class initialized using 'CodeIgniter\Session\Handlers\FileHandler' driver.
INFO - 2026-03-17 21:46:23 --> Session: Class initialized using 'CodeIgniter\Session\Handlers\FileHandler' driver.
INFO - 2026-03-17 21:46:49 --> Session: Class initialized using 'CodeIgniter\Session\Handlers\FileHandler' driver.
INFO - 2026-03-17 21:46:51 --> Session: Class initialized using 'CodeIgniter\Session\Handlers\FileHandler' driver.
INFO - 2026-03-17 21:47:21 --> Session: Class initialized using 'CodeIgniter\Session\Handlers\FileHandler' driver.
INFO - 2026-03-17 21:47:37 --> Session: Class initialized using 'CodeIgniter\Session\Handlers\FileHandler' driver.
INFO - 2026-03-17 21:49:05 --> Session: Class initialized using 'CodeIgniter\Session\Handlers\FileHandler' driver.
INFO - 2026-03-17 21:49:06 --> Session: Class initialized using 'CodeIgniter\Session\Handlers\FileHandler' driver.
INFO - 2026-03-17 21:49:07 --> Session: Class initialized using 'CodeIgniter\Session\Handlers\FileHandler' driver.
INFO - 2026-03-17 21:49:08 --> Session: Class initialized using 'CodeIgniter\Session\Handlers\FileHandler' driver.
INFO - 2026-03-17 21:49:17 --> Session: Class initialized using 'CodeIgniter\Session\Handlers\FileHandler' driver.
INFO - 2026-03-17 21:49:21 --> Session: Class initialized using 'CodeIgniter\Session\Handlers\FileHandler' driver.
INFO - 2026-03-17 21:49:23 --> Session: Class initialized using 'CodeIgniter\Session\Handlers\FileHandler' driver.
